<?xml version="1.0" encoding="UTF-8"?>
<!-- Generated by org.testng.reporters.JUnitXMLReporter -->
<testsuite ignored="0" hostname="Laptop-OBS-123" failures="0" tests="6" name="Default test" time="22.797" errors="0" timestamp="2023-04-26T17:50:19 IST">
  <testcase classname="api.test.GuideLineTest" name="keyGeneration" time="12.737"/>
  <testcase classname="api.test.GuideLineTest" name="toCreateGuideLine" time="1.594"/>
  <testcase classname="api.test.GuideLineTest" name="toViewAllGuideLine" time="1.282"/>
  <testcase classname="api.test.GuideLineTest" name="toEditGuideLine" time="1.327"/>
  <testcase classname="api.test.GuideLineTest" name="toDeleteGuideLine" time="1.124"/>
  <testcase classname="api.test.GuideLineTest" name="toEditUser" time="2.398"/>
</testsuite> <!-- Default test -->
